This file contains any messages produced by compilers while
running configure, to aid debugging if configure makes a mistake.

It was created by libbgpdump configure 1.4.99.13, which was
generated by GNU Autoconf 2.61.  Invocation command line was

  $ ./configure 

## --------- ##
## Platform. ##
## --------- ##

hostname = xinu01.cs.purdue.edu
uname -m = x86_64
uname -r = 3.7.1
uname -s = Linux
uname -v = #1 SMP Tue Dec 25 16:35:24 EST 2012

/usr/bin/uname -p = Intel(R) Core(TM) i5-2400 CPU @ 3.10GHz
/bin/uname -X     = unknown

/bin/arch              = unknown
/usr/bin/arch -k       = unknown
/usr/convex/getsysinfo = unknown
/usr/bin/hostinfo      = unknown
/bin/machine           = unknown
/usr/bin/oslevel       = unknown
/bin/universe          = unknown

PATH: /homes/rbukka/bin/.amd64-linux
PATH: /homes/rbukka/bin
PATH: /usr/local/bin
PATH: /bin
PATH: /usr/bin
PATH: /sbin
PATH: /usr/sbin
PATH: /usr/x86_64-pc-linux-gnu/gcc-bin/4.5.4
PATH: /usr/games/bin
PATH: .
PATH: /homes/rbukka/ns2changed/ns2_changed/ns2/ns-allinone-2.34/bin
PATH: /homes/rbukka/ns2changed/ns2_changed/ns2/ns-allinone-2.34/tcl8.5.10/unix
PATH: /homes/rbukka/ns2changed/ns2_changed/ns2/ns-allinone-2.34/tk8.5.10/unix


## ----------- ##
## Core tests. ##
## ----------- ##

configure:1744: checking for gcc
configure:1760: found /usr/bin/gcc
configure:1771: result: gcc
configure:2009: checking for C compiler version
configure:2016: gcc --version >&5
gcc (Gentoo 4.5.4 p1.0, pie-0.4.7) 4.5.4
Copyright (C) 2010 Free Software Foundation, Inc.
This is free software; see the source for copying conditions.  There is NO
warranty; not even for MERCHANTABILITY or FITNESS FOR A PARTICULAR PURPOSE.

configure:2019: $? = 0
configure:2026: gcc -v >&5
Using built-in specs.
COLLECT_GCC=/usr/x86_64-pc-linux-gnu/gcc-bin/4.5.4/gcc
COLLECT_LTO_WRAPPER=/usr/libexec/gcc/x86_64-pc-linux-gnu/4.5.4/lto-wrapper
Target: x86_64-pc-linux-gnu
Configured with: /scratch/portage/tmp/portage/sys-devel/gcc-4.5.4/work/gcc-4.5.4/configure --prefix=/usr --bindir=/usr/x86_64-pc-linux-gnu/gcc-bin/4.5.4 --includedir=/usr/lib/gcc/x86_64-pc-linux-gnu/4.5.4/include --datadir=/usr/share/gcc-data/x86_64-pc-linux-gnu/4.5.4 --mandir=/usr/share/gcc-data/x86_64-pc-linux-gnu/4.5.4/man --infodir=/usr/share/gcc-data/x86_64-pc-linux-gnu/4.5.4/info --with-gxx-include-dir=/usr/lib/gcc/x86_64-pc-linux-gnu/4.5.4/include/g++-v4 --host=x86_64-pc-linux-gnu --build=x86_64-pc-linux-gnu --disable-altivec --disable-fixed-point --without-ppl --without-cloog --disable-lto --disable-nls --with-system-zlib --enable-obsolete --disable-werror --enable-secureplt --enable-multilib --enable-libmudflap --disable-libssp --enable-libgomp --with-python-dir=/share/gcc-data/x86_64-pc-linux-gnu/4.5.4/python --enable-checking=release --enable-java-awt=gtk --enable-objc-gc --enable-languages=c,c++,java,objc,obj-c++,fortran --enable-shared --enable-threads=posix --enable-__cxa_atexit --enable-clocale=gnu --enable-targets=all --with-bugurl=http://bugs.gentoo.org/ --with-pkgversion='Gentoo 4.5.4 p1.0, pie-0.4.7'
Thread model: posix
gcc version 4.5.4 (Gentoo 4.5.4 p1.0, pie-0.4.7) 
configure:2029: $? = 0
configure:2036: gcc -V >&5
gcc: '-V' option must have argument
configure:2039: $? = 1
configure:2062: checking for C compiler default output file name
configure:2089: gcc  -g -O3 -Wall -Wsystem-headers -Wno-format-y2k -Wno-sign-compare -Wcast-align -Wmissing-prototypes -Wpointer-arith -Wreturn-type -Wswitch -Wshadow   conftest.c  >&5
configure:2092: $? = 0
configure:2130: result: a.out
configure:2147: checking whether the C compiler works
configure:2157: ./a.out
configure:2160: $? = 0
configure:2177: result: yes
configure:2184: checking whether we are cross compiling
configure:2186: result: no
configure:2189: checking for suffix of executables
configure:2196: gcc -o conftest  -g -O3 -Wall -Wsystem-headers -Wno-format-y2k -Wno-sign-compare -Wcast-align -Wmissing-prototypes -Wpointer-arith -Wreturn-type -Wswitch -Wshadow   conftest.c  >&5
configure:2199: $? = 0
configure:2223: result: 
configure:2229: checking for suffix of object files
configure:2255: gcc -c  -g -O3 -Wall -Wsystem-headers -Wno-format-y2k -Wno-sign-compare -Wcast-align -Wmissing-prototypes -Wpointer-arith -Wreturn-type -Wswitch -Wshadow  conftest.c >&5
configure:2258: $? = 0
configure:2281: result: o
configure:2285: checking whether we are using the GNU C compiler
configure:2314: gcc -c  -g -O3 -Wall -Wsystem-headers -Wno-format-y2k -Wno-sign-compare -Wcast-align -Wmissing-prototypes -Wpointer-arith -Wreturn-type -Wswitch -Wshadow  conftest.c >&5
configure:2320: $? = 0
configure:2337: result: yes
configure:2342: checking whether gcc accepts -g
configure:2372: gcc -c -g  conftest.c >&5
configure:2378: $? = 0
configure:2477: result: yes
configure:2494: checking for gcc option to accept ISO C89
configure:2568: gcc  -c  -g -O3 -Wall -Wsystem-headers -Wno-format-y2k -Wno-sign-compare -Wcast-align -Wmissing-prototypes -Wpointer-arith -Wreturn-type -Wswitch -Wshadow  conftest.c >&5
configure:2574: $? = 0
configure:2597: result: none needed
configure:2658: checking for ranlib
configure:2674: found /usr/bin/ranlib
configure:2685: result: ranlib
configure:2719: checking how to run the C preprocessor
configure:2759: gcc -E  conftest.c
configure:2765: $? = 0
configure:2796: gcc -E  conftest.c
conftest.c:8:28: fatal error: ac_nonexistent.h: No such file or directory
compilation terminated.
configure:2802: $? = 1
configure: failed program was:
| /* confdefs.h.  */
| #define PACKAGE_NAME "libbgpdump"
| #define PACKAGE_TARNAME "libbgpdump"
| #define PACKAGE_VERSION "1.4.99.13"
| #define PACKAGE_STRING "libbgpdump 1.4.99.13"
| #define PACKAGE_BUGREPORT "ris@ripe.net"
| /* end confdefs.h.  */
| #include <ac_nonexistent.h>
configure:2835: result: gcc -E
configure:2864: gcc -E  conftest.c
configure:2870: $? = 0
configure:2901: gcc -E  conftest.c
conftest.c:8:28: fatal error: ac_nonexistent.h: No such file or directory
compilation terminated.
configure:2907: $? = 1
configure: failed program was:
| /* confdefs.h.  */
| #define PACKAGE_NAME "libbgpdump"
| #define PACKAGE_TARNAME "libbgpdump"
| #define PACKAGE_VERSION "1.4.99.13"
| #define PACKAGE_STRING "libbgpdump 1.4.99.13"
| #define PACKAGE_BUGREPORT "ris@ripe.net"
| /* end confdefs.h.  */
| #include <ac_nonexistent.h>
configure:2945: checking for grep that handles long lines and -e
configure:3019: result: /bin/grep
configure:3024: checking for egrep
configure:3102: result: /bin/grep -E
configure:3107: checking for ANSI C header files
configure:3137: gcc -c  -g -O3 -Wall -Wsystem-headers -Wno-format-y2k -Wno-sign-compare -Wcast-align -Wmissing-prototypes -Wpointer-arith -Wreturn-type -Wswitch -Wshadow  conftest.c >&5
In file included from /usr/include/stdlib.h:955:0,
                 from conftest.c:8:
/usr/include/bits/stdlib.h:65:1: warning: no previous prototype for 'ptsname_r'
configure:3143: $? = 0
configure:3242: gcc -o conftest  -g -O3 -Wall -Wsystem-headers -Wno-format-y2k -Wno-sign-compare -Wcast-align -Wmissing-prototypes -Wpointer-arith -Wreturn-type -Wswitch -Wshadow   conftest.c  >&5
In file included from /usr/include/stdlib.h:955:0,
                 from conftest.c:9:
/usr/include/bits/stdlib.h:65:1: warning: no previous prototype for 'ptsname_r'
configure:3245: $? = 0
configure:3251: ./conftest
configure:3254: $? = 0
configure:3271: result: yes
configure:3295: checking for sys/types.h
configure:3316: gcc -c  -g -O3 -Wall -Wsystem-headers -Wno-format-y2k -Wno-sign-compare -Wcast-align -Wmissing-prototypes -Wpointer-arith -Wreturn-type -Wswitch -Wshadow  conftest.c >&5
In file included from /usr/include/stdlib.h:955:0,
                 from conftest.c:17:
/usr/include/bits/stdlib.h:65:1: warning: no previous prototype for 'ptsname_r'
configure:3322: $? = 0
configure:3338: result: yes
configure:3295: checking for sys/stat.h
configure:3316: gcc -c  -g -O3 -Wall -Wsystem-headers -Wno-format-y2k -Wno-sign-compare -Wcast-align -Wmissing-prototypes -Wpointer-arith -Wreturn-type -Wswitch -Wshadow  conftest.c >&5
In file included from /usr/include/stdlib.h:955:0,
                 from conftest.c:18:
/usr/include/bits/stdlib.h:65:1: warning: no previous prototype for 'ptsname_r'
configure:3322: $? = 0
configure:3338: result: yes
configure:3295: checking for stdlib.h
configure:3316: gcc -c  -g -O3 -Wall -Wsystem-headers -Wno-format-y2k -Wno-sign-compare -Wcast-align -Wmissing-prototypes -Wpointer-arith -Wreturn-type -Wswitch -Wshadow  conftest.c >&5
In file included from /usr/include/stdlib.h:955:0,
                 from conftest.c:19:
/usr/include/bits/stdlib.h:65:1: warning: no previous prototype for 'ptsname_r'
configure:3322: $? = 0
configure:3338: result: yes
configure:3295: checking for string.h
configure:3316: gcc -c  -g -O3 -Wall -Wsystem-headers -Wno-format-y2k -Wno-sign-compare -Wcast-align -Wmissing-prototypes -Wpointer-arith -Wreturn-type -Wswitch -Wshadow  conftest.c >&5
In file included from /usr/include/stdlib.h:955:0,
                 from conftest.c:20:
/usr/include/bits/stdlib.h:65:1: warning: no previous prototype for 'ptsname_r'
configure:3322: $? = 0
configure:3338: result: yes
configure:3295: checking for memory.h
configure:3316: gcc -c  -g -O3 -Wall -Wsystem-headers -Wno-format-y2k -Wno-sign-compare -Wcast-align -Wmissing-prototypes -Wpointer-arith -Wreturn-type -Wswitch -Wshadow  conftest.c >&5
In file included from /usr/include/stdlib.h:955:0,
                 from conftest.c:21:
/usr/include/bits/stdlib.h:65:1: warning: no previous prototype for 'ptsname_r'
configure:3322: $? = 0
configure:3338: result: yes
configure:3295: checking for strings.h
configure:3316: gcc -c  -g -O3 -Wall -Wsystem-headers -Wno-format-y2k -Wno-sign-compare -Wcast-align -Wmissing-prototypes -Wpointer-arith -Wreturn-type -Wswitch -Wshadow  conftest.c >&5
In file included from /usr/include/stdlib.h:955:0,
                 from conftest.c:22:
/usr/include/bits/stdlib.h:65:1: warning: no previous prototype for 'ptsname_r'
configure:3322: $? = 0
configure:3338: result: yes
configure:3295: checking for inttypes.h
configure:3316: gcc -c  -g -O3 -Wall -Wsystem-headers -Wno-format-y2k -Wno-sign-compare -Wcast-align -Wmissing-prototypes -Wpointer-arith -Wreturn-type -Wswitch -Wshadow  conftest.c >&5
In file included from /usr/include/stdlib.h:955:0,
                 from conftest.c:23:
/usr/include/bits/stdlib.h:65:1: warning: no previous prototype for 'ptsname_r'
configure:3322: $? = 0
configure:3338: result: yes
configure:3295: checking for stdint.h
configure:3316: gcc -c  -g -O3 -Wall -Wsystem-headers -Wno-format-y2k -Wno-sign-compare -Wcast-align -Wmissing-prototypes -Wpointer-arith -Wreturn-type -Wswitch -Wshadow  conftest.c >&5
In file included from /usr/include/stdlib.h:955:0,
                 from conftest.c:24:
/usr/include/bits/stdlib.h:65:1: warning: no previous prototype for 'ptsname_r'
configure:3322: $? = 0
configure:3338: result: yes
configure:3295: checking for unistd.h
configure:3316: gcc -c  -g -O3 -Wall -Wsystem-headers -Wno-format-y2k -Wno-sign-compare -Wcast-align -Wmissing-prototypes -Wpointer-arith -Wreturn-type -Wswitch -Wshadow  conftest.c >&5
In file included from /usr/include/stdlib.h:955:0,
                 from conftest.c:25:
/usr/include/bits/stdlib.h:65:1: warning: no previous prototype for 'ptsname_r'
configure:3322: $? = 0
configure:3338: result: yes
configure:3367: checking arpa/inet.h usability
configure:3384: gcc -c  -g -O3 -Wall -Wsystem-headers -Wno-format-y2k -Wno-sign-compare -Wcast-align -Wmissing-prototypes -Wpointer-arith -Wreturn-type -Wswitch -Wshadow  conftest.c >&5
In file included from /usr/include/stdlib.h:955:0,
                 from conftest.c:26:
/usr/include/bits/stdlib.h:65:1: warning: no previous prototype for 'ptsname_r'
In file included from /usr/include/sys/socket.h:40:0,
                 from /usr/include/netinet/in.h:25,
                 from /usr/include/arpa/inet.h:23,
                 from conftest.c:51:
/usr/include/bits/socket.h:433:23: warning: 'struct mmsghdr' declared inside parameter list
/usr/include/bits/socket.h:433:23: warning: its scope is only this definition or declaration, which is probably not what you want
/usr/include/bits/socket.h:440:8: warning: 'struct mmsghdr' declared inside parameter list
configure:3390: $? = 0
configure:3404: result: yes
configure:3408: checking arpa/inet.h presence
configure:3423: gcc -E  conftest.c
configure:3429: $? = 0
configure:3443: result: yes
configure:3476: checking for arpa/inet.h
configure:3484: result: yes
configure:3367: checking netinet/in.h usability
configure:3384: gcc -c  -g -O3 -Wall -Wsystem-headers -Wno-format-y2k -Wno-sign-compare -Wcast-align -Wmissing-prototypes -Wpointer-arith -Wreturn-type -Wswitch -Wshadow  conftest.c >&5
In file included from /usr/include/stdlib.h:955:0,
                 from conftest.c:27:
/usr/include/bits/stdlib.h:65:1: warning: no previous prototype for 'ptsname_r'
In file included from /usr/include/sys/socket.h:40:0,
                 from /usr/include/netinet/in.h:25,
                 from conftest.c:52:
/usr/include/bits/socket.h:433:23: warning: 'struct mmsghdr' declared inside parameter list
/usr/include/bits/socket.h:433:23: warning: its scope is only this definition or declaration, which is probably not what you want
/usr/include/bits/socket.h:440:8: warning: 'struct mmsghdr' declared inside parameter list
configure:3390: $? = 0
configure:3404: result: yes
configure:3408: checking netinet/in.h presence
configure:3423: gcc -E  conftest.c
configure:3429: $? = 0
configure:3443: result: yes
configure:3476: checking for netinet/in.h
configure:3484: result: yes
configure:3367: checking syslog.h usability
configure:3384: gcc -c  -g -O3 -Wall -Wsystem-headers -Wno-format-y2k -Wno-sign-compare -Wcast-align -Wmissing-prototypes -Wpointer-arith -Wreturn-type -Wswitch -Wshadow  conftest.c >&5
In file included from /usr/include/stdlib.h:955:0,
                 from conftest.c:28:
/usr/include/bits/stdlib.h:65:1: warning: no previous prototype for 'ptsname_r'
configure:3390: $? = 0
configure:3404: result: yes
configure:3408: checking syslog.h presence
configure:3423: gcc -E  conftest.c
configure:3429: $? = 0
configure:3443: result: yes
configure:3476: checking for syslog.h
configure:3484: result: yes
configure:3497: checking whether struct tm is in sys/time.h or time.h
configure:3527: gcc -c  -g -O3 -Wall -Wsystem-headers -Wno-format-y2k -Wno-sign-compare -Wcast-align -Wmissing-prototypes -Wpointer-arith -Wreturn-type -Wswitch -Wshadow  conftest.c >&5
configure:3533: $? = 0
configure:3548: result: time.h
configure:3560: checking for u_char_t
configure:3590: gcc -c  -g -O3 -Wall -Wsystem-headers -Wno-format-y2k -Wno-sign-compare -Wcast-align -Wmissing-prototypes -Wpointer-arith -Wreturn-type -Wswitch -Wshadow  conftest.c >&5
In file included from /usr/include/stdlib.h:955:0,
                 from conftest.c:29:
/usr/include/bits/stdlib.h:65:1: warning: no previous prototype for 'ptsname_r'
conftest.c:54:18: error: expected '=', ',', ';', 'asm' or '__attribute__' before 'ac__type_new_'
conftest.c: In function 'main':
conftest.c:58:6: error: 'ac__type_new_' undeclared (first use in this function)
conftest.c:58:6: note: each undeclared identifier is reported only once for each function it appears in
conftest.c:58:21: error: expected expression before ')' token
configure:3596: $? = 1
configure: failed program was:
| /* confdefs.h.  */
| #define PACKAGE_NAME "libbgpdump"
| #define PACKAGE_TARNAME "libbgpdump"
| #define PACKAGE_VERSION "1.4.99.13"
| #define PACKAGE_STRING "libbgpdump 1.4.99.13"
| #define PACKAGE_BUGREPORT "ris@ripe.net"
| #define STDC_HEADERS 1
| #define HAVE_SYS_TYPES_H 1
| #define HAVE_SYS_STAT_H 1
| #define HAVE_STDLIB_H 1
| #define HAVE_STRING_H 1
| #define HAVE_MEMORY_H 1
| #define HAVE_STRINGS_H 1
| #define HAVE_INTTYPES_H 1
| #define HAVE_STDINT_H 1
| #define HAVE_UNISTD_H 1
| #define HAVE_ARPA_INET_H 1
| #define HAVE_NETINET_IN_H 1
| #define HAVE_SYSLOG_H 1
| /* end confdefs.h.  */
| #include <stdio.h>
| #ifdef HAVE_SYS_TYPES_H
| # include <sys/types.h>
| #endif
| #ifdef HAVE_SYS_STAT_H
| # include <sys/stat.h>
| #endif
| #ifdef STDC_HEADERS
| # include <stdlib.h>
| # include <stddef.h>
| #else
| # ifdef HAVE_STDLIB_H
| #  include <stdlib.h>
| # endif
| #endif
| #ifdef HAVE_STRING_H
| # if !defined STDC_HEADERS && defined HAVE_MEMORY_H
| #  include <memory.h>
| # endif
| # include <string.h>
| #endif
| #ifdef HAVE_STRINGS_H
| # include <strings.h>
| #endif
| #ifdef HAVE_INTTYPES_H
| # include <inttypes.h>
| #endif
| #ifdef HAVE_STDINT_H
| # include <stdint.h>
| #endif
| #ifdef HAVE_UNISTD_H
| # include <unistd.h>
| #endif
| typedef u_char_t ac__type_new_;
| int
| main ()
| {
| if ((ac__type_new_ *) 0)
|   return 0;
| if (sizeof (ac__type_new_))
|   return 0;
|   ;
|   return 0;
| }
configure:3611: result: no
configure:3623: checking for u_int8_t
configure:3653: gcc -c  -g -O3 -Wall -Wsystem-headers -Wno-format-y2k -Wno-sign-compare -Wcast-align -Wmissing-prototypes -Wpointer-arith -Wreturn-type -Wswitch -Wshadow  conftest.c >&5
In file included from /usr/include/stdlib.h:955:0,
                 from conftest.c:30:
/usr/include/bits/stdlib.h:65:1: warning: no previous prototype for 'ptsname_r'
configure:3659: $? = 0
configure:3674: result: yes
configure:3686: checking for u_int16_t
configure:3716: gcc -c  -g -O3 -Wall -Wsystem-headers -Wno-format-y2k -Wno-sign-compare -Wcast-align -Wmissing-prototypes -Wpointer-arith -Wreturn-type -Wswitch -Wshadow  conftest.c >&5
In file included from /usr/include/stdlib.h:955:0,
                 from conftest.c:30:
/usr/include/bits/stdlib.h:65:1: warning: no previous prototype for 'ptsname_r'
configure:3722: $? = 0
configure:3737: result: yes
configure:3749: checking for u_int32_t
configure:3779: gcc -c  -g -O3 -Wall -Wsystem-headers -Wno-format-y2k -Wno-sign-compare -Wcast-align -Wmissing-prototypes -Wpointer-arith -Wreturn-type -Wswitch -Wshadow  conftest.c >&5
In file included from /usr/include/stdlib.h:955:0,
                 from conftest.c:30:
/usr/include/bits/stdlib.h:65:1: warning: no previous prototype for 'ptsname_r'
configure:3785: $? = 0
configure:3800: result: yes
configure:3814: checking for gzopen in -lz
configure:3849: gcc -o conftest  -g -O3 -Wall -Wsystem-headers -Wno-format-y2k -Wno-sign-compare -Wcast-align -Wmissing-prototypes -Wpointer-arith -Wreturn-type -Wswitch -Wshadow   conftest.c -lz   >&5
configure:3855: $? = 0
configure:3873: result: yes
configure:3891: checking for BZ2_bzReadOpen in -lbz2
configure:3926: gcc -o conftest  -g -O3 -Wall -Wsystem-headers -Wno-format-y2k -Wno-sign-compare -Wcast-align -Wmissing-prototypes -Wpointer-arith -Wreturn-type -Wswitch -Wshadow   conftest.c -lbz2  -lz  >&5
configure:3932: $? = 0
configure:3950: result: yes
configure:3973: checking for inet_ntoa
configure:4029: gcc -o conftest  -g -O3 -Wall -Wsystem-headers -Wno-format-y2k -Wno-sign-compare -Wcast-align -Wmissing-prototypes -Wpointer-arith -Wreturn-type -Wswitch -Wshadow   conftest.c -lbz2 -lz  >&5
configure:4035: $? = 0
configure:4053: result: yes
configure:4143: checking for inet_ntop
configure:4199: gcc -o conftest  -g -O3 -Wall -Wsystem-headers -Wno-format-y2k -Wno-sign-compare -Wcast-align -Wmissing-prototypes -Wpointer-arith -Wreturn-type -Wswitch -Wshadow   conftest.c -lbz2 -lz  >&5
configure:4205: $? = 0
configure:4223: result: yes
configure:4420: creating ./config.status

## ---------------------- ##
## Running config.status. ##
## ---------------------- ##

This file was extended by libbgpdump config.status 1.4.99.13, which was
generated by GNU Autoconf 2.61.  Invocation command line was

  CONFIG_FILES    = 
  CONFIG_HEADERS  = 
  CONFIG_LINKS    = 
  CONFIG_COMMANDS = 
  $ ./config.status 

on xinu01.cs.purdue.edu

config.status:593: creating bgpdump.spec
config.status:593: creating Makefile
config.status:593: creating bgpdump-config.h
config.status:814: bgpdump-config.h is unchanged

## ---------------- ##
## Cache variables. ##
## ---------------- ##

ac_cv_c_compiler_gnu=yes
ac_cv_env_CC_set=
ac_cv_env_CC_value=
ac_cv_env_CFLAGS_set=
ac_cv_env_CFLAGS_value=
ac_cv_env_CPPFLAGS_set=
ac_cv_env_CPPFLAGS_value=
ac_cv_env_CPP_set=
ac_cv_env_CPP_value=
ac_cv_env_LDFLAGS_set=
ac_cv_env_LDFLAGS_value=
ac_cv_env_LIBS_set=
ac_cv_env_LIBS_value=
ac_cv_env_build_alias_set=
ac_cv_env_build_alias_value=
ac_cv_env_host_alias_set=
ac_cv_env_host_alias_value=
ac_cv_env_target_alias_set=
ac_cv_env_target_alias_value=
ac_cv_func_inet_ntoa=yes
ac_cv_func_inet_ntop=yes
ac_cv_header_arpa_inet_h=yes
ac_cv_header_inttypes_h=yes
ac_cv_header_memory_h=yes
ac_cv_header_netinet_in_h=yes
ac_cv_header_stdc=yes
ac_cv_header_stdint_h=yes
ac_cv_header_stdlib_h=yes
ac_cv_header_string_h=yes
ac_cv_header_strings_h=yes
ac_cv_header_sys_stat_h=yes
ac_cv_header_sys_types_h=yes
ac_cv_header_syslog_h=yes
ac_cv_header_unistd_h=yes
ac_cv_lib_bz2_BZ2_bzReadOpen=yes
ac_cv_lib_z_gzopen=yes
ac_cv_objext=o
ac_cv_path_EGREP='/bin/grep -E'
ac_cv_path_GREP=/bin/grep
ac_cv_prog_CPP='gcc -E'
ac_cv_prog_ac_ct_CC=gcc
ac_cv_prog_ac_ct_RANLIB=ranlib
ac_cv_prog_cc_c89=
ac_cv_prog_cc_g=yes
ac_cv_struct_tm=time.h
ac_cv_type_u_char_t=no
ac_cv_type_u_int16_t=yes
ac_cv_type_u_int32_t=yes
ac_cv_type_u_int8_t=yes

## ----------------- ##
## Output variables. ##
## ----------------- ##

CC='gcc'
CFLAGS=' -g -O3 -Wall -Wsystem-headers -Wno-format-y2k -Wno-sign-compare -Wcast-align -Wmissing-prototypes -Wpointer-arith -Wreturn-type -Wswitch -Wshadow'
CPP='gcc -E'
CPPFLAGS=''
DEFS='-DHAVE_CONFIG_H'
ECHO_C=''
ECHO_N='-n'
ECHO_T=''
EGREP='/bin/grep -E'
EXEEXT=''
GREP='/bin/grep'
LDFLAGS=' -shared'
LIBOBJS=''
LIBS='-lbz2 -lz '
LTLIBOBJS=''
OBJEXT='o'
PACKAGE_BUGREPORT='ris@ripe.net'
PACKAGE_NAME='libbgpdump'
PACKAGE_STRING='libbgpdump 1.4.99.13'
PACKAGE_TARNAME='libbgpdump'
PACKAGE_VERSION='1.4.99.13'
PATH_SEPARATOR=':'
RANLIB='ranlib'
SHELL='/bin/sh'
ac_ct_CC='gcc'
bindir='${exec_prefix}/bin'
build_alias=''
datadir='${datarootdir}'
datarootdir='${prefix}/share'
docdir='${datarootdir}/doc/${PACKAGE_TARNAME}'
dvidir='${docdir}'
exec_prefix='${prefix}'
host_alias=''
htmldir='${docdir}'
includedir='${prefix}/include'
infodir='${datarootdir}/info'
libdir='${exec_prefix}/lib'
libexecdir='${exec_prefix}/libexec'
localedir='${datarootdir}/locale'
localstatedir='${prefix}/var'
mandir='${datarootdir}/man'
oldincludedir='/usr/include'
pdfdir='${docdir}'
prefix='/usr/local'
program_transform_name='s,x,x,'
psdir='${docdir}'
sbindir='${exec_prefix}/sbin'
sharedstatedir='${prefix}/com'
sysconfdir='${prefix}/etc'
target_alias=''

## ----------- ##
## confdefs.h. ##
## ----------- ##

#define PACKAGE_NAME "libbgpdump"
#define PACKAGE_TARNAME "libbgpdump"
#define PACKAGE_VERSION "1.4.99.13"
#define PACKAGE_STRING "libbgpdump 1.4.99.13"
#define PACKAGE_BUGREPORT "ris@ripe.net"
#define STDC_HEADERS 1
#define HAVE_SYS_TYPES_H 1
#define HAVE_SYS_STAT_H 1
#define HAVE_STDLIB_H 1
#define HAVE_STRING_H 1
#define HAVE_MEMORY_H 1
#define HAVE_STRINGS_H 1
#define HAVE_INTTYPES_H 1
#define HAVE_STDINT_H 1
#define HAVE_UNISTD_H 1
#define HAVE_ARPA_INET_H 1
#define HAVE_NETINET_IN_H 1
#define HAVE_SYSLOG_H 1
#define u_char_t uchar_t
#define HAVE_LIBZ 1
#define HAVE_LIBBZ2 1
#define HAVE_INET_NTOA 1
#define HAVE_INET_NTOP 1

configure: exit 0
